<?xml version="1.0" encoding="UTF-8"?>
<!-- Generated by org.testng.reporters.JUnitReportReporter -->
<testsuite hostname="DESKTOP-J583G5M" failures="0" tests="1" name="com.hrms.JDBCDemo.JDBCDemo1" time="2.180" errors="0" timestamp="2020-07-09T13:42:53 EDT" skipped="0">
  <testcase classname="com.hrms.JDBCDemo.JDBCDemo1" name="abc" time="2.180"/>
  <system-out/>
</testsuite> <!-- com.hrms.JDBCDemo.JDBCDemo1 -->
